<?xml version="1.0" encoding="UTF-8"?>
<testng-results ignored="0" total="6" passed="6" failed="0" skipped="0">
  <reporter-output>
  </reporter-output>
  <suite started-at="2025-09-07T14:34:21 IST" name="HospitalManagementSystem Suite" finished-at="2025-09-07T14:37:22 IST" duration-ms="181153">
    <groups>
      <group name="cucumber">
        <method signature="AbstractTestNGCucumberTests.runScenario(io.cucumber.testng.PickleWrapper,io.cucumber.testng.FeatureWrapper)[pri:0, instance:com.hms.runner.TestRunner@10aa41f2]" name="runScenario" class="io.cucumber.testng.AbstractTestNGCucumberTests"/>
      </group> <!-- cucumber -->
    </groups>
    <test started-at="2025-09-07T14:34:21 IST" name="Cucumber Tests" finished-at="2025-09-07T14:37:22 IST" duration-ms="181153">
      <class name="com.hms.runner.TestRunner">
        <test-method is-config="true" signature="setUpClass(org.testng.ITestContext)[pri:0, instance:com.hms.runner.TestRunner@10aa41f2]" started-at="2025-09-07T14:34:21 IST" name="setUpClass" finished-at="2025-09-07T14:34:22 IST" duration-ms="1116" status="PASS">
          <params>
            <param index="0">
              <value>
                <![CDATA[org.testng.TestRunner@66589252]]>
              </value>
            </param>
          </params>
          <reporter-output>
          </reporter-output>
        </test-method> <!-- setUpClass -->
        <test-method signature="runScenario(io.cucumber.testng.PickleWrapper,io.cucumber.testng.FeatureWrapper)[pri:0, instance:com.hms.runner.TestRunner@10aa41f2]" started-at="2025-09-07T14:34:22 IST" name="runScenario" description="Runs Cucumber Scenarios" data-provider="scenarios" finished-at="2025-09-07T14:34:45 IST" duration-ms="23417" status="PASS">
          <params>
            <param index="0">
              <value>
                <![CDATA["Search for an existing patient"]]>
              </value>
            </param>
            <param index="1">
              <value>
                <![CDATA["Search for a patient in OpenMRS"]]>
              </value>
            </param>
          </params>
          <reporter-output>
          </reporter-output>
        </test-method> <!-- runScenario -->
        <test-method signature="runScenario(io.cucumber.testng.PickleWrapper,io.cucumber.testng.FeatureWrapper)[pri:0, instance:com.hms.runner.TestRunner@10aa41f2]" started-at="2025-09-07T14:34:45 IST" name="runScenario" description="Runs Cucumber Scenarios" data-provider="scenarios" finished-at="2025-09-07T14:35:04 IST" duration-ms="18745" status="PASS">
          <params>
            <param index="0">
              <value>
                <![CDATA["Search for a non-existing patient"]]>
              </value>
            </param>
            <param index="1">
              <value>
                <![CDATA["Search for a patient in OpenMRS"]]>
              </value>
            </param>
          </params>
          <reporter-output>
          </reporter-output>
        </test-method> <!-- runScenario -->
        <test-method signature="runScenario(io.cucumber.testng.PickleWrapper,io.cucumber.testng.FeatureWrapper)[pri:0, instance:com.hms.runner.TestRunner@10aa41f2]" started-at="2025-09-07T14:35:04 IST" name="runScenario" description="Runs Cucumber Scenarios" data-provider="scenarios" finished-at="2025-09-07T14:35:19 IST" duration-ms="14986" status="PASS">
          <params>
            <param index="0">
              <value>
                <![CDATA["Login with valid credentials"]]>
              </value>
            </param>
            <param index="1">
              <value>
                <![CDATA["Login functionality for OpenMRS"]]>
              </value>
            </param>
          </params>
          <reporter-output>
          </reporter-output>
        </test-method> <!-- runScenario -->
        <test-method signature="runScenario(io.cucumber.testng.PickleWrapper,io.cucumber.testng.FeatureWrapper)[pri:0, instance:com.hms.runner.TestRunner@10aa41f2]" started-at="2025-09-07T14:35:19 IST" name="runScenario" description="Runs Cucumber Scenarios" data-provider="scenarios" finished-at="2025-09-07T14:35:35 IST" duration-ms="15519" status="PASS">
          <params>
            <param index="0">
              <value>
                <![CDATA["Login with invalid credentials"]]>
              </value>
            </param>
            <param index="1">
              <value>
                <![CDATA["Login functionality for OpenMRS"]]>
              </value>
            </param>
          </params>
          <reporter-output>
          </reporter-output>
        </test-method> <!-- runScenario -->
        <test-method signature="runScenario(io.cucumber.testng.PickleWrapper,io.cucumber.testng.FeatureWrapper)[pri:0, instance:com.hms.runner.TestRunner@10aa41f2]" started-at="2025-09-07T14:35:35 IST" name="runScenario" description="Runs Cucumber Scenarios" data-provider="scenarios" finished-at="2025-09-07T14:36:35 IST" duration-ms="60729" status="PASS">
          <params>
            <param index="0">
              <value>
                <![CDATA["Register a new patient successfully"]]>
              </value>
            </param>
            <param index="1">
              <value>
                <![CDATA["Register a new patient in OpenMRS"]]>
              </value>
            </param>
          </params>
          <reporter-output>
          </reporter-output>
        </test-method> <!-- runScenario -->
        <test-method signature="runScenario(io.cucumber.testng.PickleWrapper,io.cucumber.testng.FeatureWrapper)[pri:0, instance:com.hms.runner.TestRunner@10aa41f2]" started-at="2025-09-07T14:36:35 IST" name="runScenario" description="Runs Cucumber Scenarios" data-provider="scenarios" finished-at="2025-09-07T14:37:22 IST" duration-ms="46398" status="PASS">
          <params>
            <param index="0">
              <value>
                <![CDATA["Fail to register a patient due to missing address"]]>
              </value>
            </param>
            <param index="1">
              <value>
                <![CDATA["Register a new patient in OpenMRS"]]>
              </value>
            </param>
          </params>
          <reporter-output>
          </reporter-output>
        </test-method> <!-- runScenario -->
        <test-method is-config="true" signature="tearDownClass()[pri:0, instance:com.hms.runner.TestRunner@10aa41f2]" started-at="2025-09-07T14:37:22 IST" name="tearDownClass" finished-at="2025-09-07T14:37:22 IST" duration-ms="139" status="PASS">
          <reporter-output>
          </reporter-output>
        </test-method> <!-- tearDownClass -->
      </class> <!-- com.hms.runner.TestRunner -->
    </test> <!-- Cucumber Tests -->
  </suite> <!-- HospitalManagementSystem Suite -->
</testng-results>
